Using pre-set license
Built from '2020.3/staging' branch; Version is '2020.3.22f1 (e1a7f79fd887) revision 14788599'; Using compiler version '192528614'; Build Type 'Release'
OS: 'Windows 10 Enterprise; OS build 19043.1348; Version 2009; 64bit' Language: 'en' Physical Memory: 16276 MB
BatchMode: 1, IsHumanControllingUs: 0, StartBugReporterOnCrash: 0, Is64bit: 1, IsPro: 0

COMMAND LINE ARGUMENTS:
C:\Program Files\Unity\Hub\Editor\2020.3.22f1\Editor\Unity.exe
-adb2
-batchMode
-noUpm
-name
AssetImportWorker0
-projectPath
C:/Users/USER/Desktop/Kuliah/Semester 5/Pengembangan Aplikasi Permainan/Tugas/Tugas-Akhir-PAP/TerraFic
-logFile
Logs/AssetImportWorker0.log
-srvPort
49922
Successfully changed project path to: C:/Users/USER/Desktop/Kuliah/Semester 5/Pengembangan Aplikasi Permainan/Tugas/Tugas-Akhir-PAP/TerraFic
C:/Users/USER/Desktop/Kuliah/Semester 5/Pengembangan Aplikasi Permainan/Tugas/Tugas-Akhir-PAP/TerraFic
Using Asset Import Pipeline V2.
Refreshing native plugins compatible for Editor in 65.95 ms, found 3 plugins.
Preloading 0 native plugins for Editor in 0.00 ms.
Initialize engine version: 2020.3.22f1 (e1a7f79fd887)
[Subsystems] Discovering subsystems at path C:/Program Files/Unity/Hub/Editor/2020.3.22f1/Editor/Data/Resources/UnitySubsystems
[Subsystems] Discovering subsystems at path C:/Users/USER/Desktop/Kuliah/Semester 5/Pengembangan Aplikasi Permainan/Tugas/Tugas-Akhir-PAP/TerraFic/Assets
GfxDevice: creating device client; threaded=0
Direct3D:
    Version:  Direct3D 11.0 [level 11.0]
    Renderer: NVIDIA GeForce GTX 950M (ID=0x139a)
    Vendor:   
    VRAM:     4055 MB
    Driver:   30.0.14.9676
Initialize mono
Mono path[0] = 'C:/Program Files/Unity/Hub/Editor/2020.3.22f1/Editor/Data/Managed'
Mono path[1] = 'C:/Program Files/Unity/Hub/Editor/2020.3.22f1/Editor/Data/MonoBleedingEdge/lib/mono/unityjit'
Mono config path = 'C:/Program Files/Unity/Hub/Editor/2020.3.22f1/Editor/Data/MonoBleedingEdge/etc'
Using monoOptions --debugger-agent=transport=dt_socket,embedding=1,server=y,suspend=n,address=127.0.0.1:56680
Begin MonoManager ReloadAssembly
Registering precompiled unity dll's ...
Register platform support module: C:/Program Files/Unity/Hub/Editor/2020.3.22f1/Editor/Data/PlaybackEngines/WindowsStandaloneSupport/UnityEditor.WindowsStandalone.Extensions.dll
Registered in 0.002443 seconds.
Native extension for WindowsStandalone target not found
Refreshing native plugins compatible for Editor in 60.02 ms, found 3 plugins.
Preloading 0 native plugins for Editor in 0.00 ms.
Mono: successfully reloaded assembly
- Completed reload, in  1.643 seconds
Domain Reload Profiling:
	ReloadAssembly (1643ms)
		BeginReloadAssembly (83ms)
			ExecutionOrderSort (0ms)
			DisableScriptedObjects (0ms)
			BackupInstance (0ms)
			ReleaseScriptingObjects (0ms)
			CreateAndSetChildDomain (1ms)
		EndReloadAssembly (618ms)
			LoadAssemblies (79ms)
			RebuildTransferFunctionScriptingTraits (0ms)
			SetupTypeCache (213ms)
			ReleaseScriptCaches (0ms)
			RebuildScriptCaches (42ms)
			SetupLoadedEditorAssemblies (234ms)
				LogAssemblyErrors (0ms)
				InitializePlatformSupportModulesInManaged (6ms)
				SetLoadedEditorAssemblies (0ms)
				RefreshPlugins (60ms)
				BeforeProcessingInitializeOnLoad (22ms)
				ProcessInitializeOnLoadAttributes (108ms)
				ProcessInitializeOnLoadMethodAttributes (38ms)
				AfterProcessingInitializeOnLoad (0ms)
				EditorAssembliesLoaded (0ms)
			ExecutionOrderSort2 (0ms)
			AwakeInstancesAfterBackupRestoration (0ms)
Platform modules already initialized, skipping
Registering precompiled user dll's ...
Registered in 0.006629 seconds.
Begin MonoManager ReloadAssembly
Native extension for WindowsStandalone target not found
Refreshing native plugins compatible for Editor in 71.47 ms, found 3 plugins.
Preloading 0 native plugins for Editor in 0.00 ms.
Mono: successfully reloaded assembly
- Completed reload, in  1.632 seconds
Domain Reload Profiling:
	ReloadAssembly (1633ms)
		BeginReloadAssembly (209ms)
			ExecutionOrderSort (0ms)
			DisableScriptedObjects (5ms)
			BackupInstance (0ms)
			ReleaseScriptingObjects (0ms)
			CreateAndSetChildDomain (28ms)
		EndReloadAssembly (1333ms)
			LoadAssemblies (141ms)
			RebuildTransferFunctionScriptingTraits (0ms)
			SetupTypeCache (437ms)
			ReleaseScriptCaches (1ms)
			RebuildScriptCaches (66ms)
			SetupLoadedEditorAssemblies (527ms)
				LogAssemblyErrors (0ms)
				InitializePlatformSupportModulesInManaged (5ms)
				SetLoadedEditorAssemblies (0ms)
				RefreshPlugins (72ms)
				BeforeProcessingInitializeOnLoad (132ms)
				ProcessInitializeOnLoadAttributes (276ms)
				ProcessInitializeOnLoadMethodAttributes (32ms)
				AfterProcessingInitializeOnLoad (10ms)
				EditorAssembliesLoaded (0ms)
			ExecutionOrderSort2 (0ms)
			AwakeInstancesAfterBackupRestoration (11ms)
Platform modules already initialized, skipping
========================================================================
Worker process is ready to serve import requests
Launched and connected shader compiler UnityShaderCompiler.exe after 0.24 seconds
Refreshing native plugins compatible for Editor in 0.62 ms, found 3 plugins.
Preloading 0 native plugins for Editor in 0.00 ms.
Unloading 2208 Unused Serialized files (Serialized files now loaded: 0)
System memory in use before: 98.2 MB.
System memory in use after: 98.3 MB.

Unloading 27 unused Assets to reduce memory usage. Loaded Objects now: 2649.
Total: 5.369200 ms (FindLiveObjects: 0.203900 ms CreateObjectMapping: 0.094600 ms MarkObjects: 4.985300 ms  DeleteObjects: 0.083800 ms)

AssetImportParameters requested are different than current active one (requested -> active):
  custom:framework-win-MediaFoundation: 216162199b28c13a410421893ffa2e32 -> 
  custom:video-decoder-ogg-theora: a1e56fd34408186e4bbccfd4996cb3dc -> 
  custom:container-muxer-webm: aa71ff27fc2769a1b78a27578f13a17b -> 
  custom:container-demuxer-webm: 4f35f7cbe854078d1ac9338744f61a02 -> 
  custom:container-demuxer-ogg: 62fdf1f143b41e24485cea50d1cbac27 -> 
  custom:video-encoder-webm-vp8: eb34c28f22e8b96e1ab97ce403110664 -> 
  custom:video-codec-MediaFoundation-h265: 746d11721c4dcdbdad8f713fa42b33f4 -> 
  custom:video-decoder-webm-vp8: 9c59270c3fd7afecdb556c50c9e8de78 -> 
  custom:audio-decoder-ogg-vorbis: bf7c407c2cedff20999df2af8eb42d56 -> 
  custom:audio-encoder-webm-vorbis: bf7c407c2cedff20999df2af8eb42d56 -> 
========================================================================
Received Import Request.
  path: Assets/Resource/TileMap/street.straight.dashLines.asset
  artifactKey: Guid(b89924235d819d44aba7b912b02b7f99) Importer(815301076,1909f56bfc062723c751e8b465ee728b)
Start importing Assets/Resource/TileMap/street.straight.dashLines.asset using Guid(b89924235d819d44aba7b912b02b7f99) Importer(815301076,1909f56bfc062723c751e8b465ee728b)  -> (artifact id: '068b5cc87d319f444aab5fce59010155') in 0.136930 seconds 
  Import took 0.142229 seconds .

========================================================================
Received Import Request.
  Time since last request: 0.000469 seconds.
  path: Assets/Resource/TileMap/street.intersection.dashLines.asset
  artifactKey: Guid(550da51120af72947a69f89e3edfaa95) Importer(815301076,1909f56bfc062723c751e8b465ee728b)
Start importing Assets/Resource/TileMap/street.intersection.dashLines.asset using Guid(550da51120af72947a69f89e3edfaa95) Importer(815301076,1909f56bfc062723c751e8b465ee728b)  -> (artifact id: 'd4d4856de386ffea92afa90baec424ab') in 0.019156 seconds 
  Import took 0.025859 seconds .

========================================================================
Received Import Request.
  Time since last request: 0.000377 seconds.
  path: Assets/Resource/TileMap/street.end.solidLine.asset
  artifactKey: Guid(449baffd14c3f3743846cbe324673a84) Importer(815301076,1909f56bfc062723c751e8b465ee728b)
Start importing Assets/Resource/TileMap/street.end.solidLine.asset using Guid(449baffd14c3f3743846cbe324673a84) Importer(815301076,1909f56bfc062723c751e8b465ee728b)  -> (artifact id: '6b39b390d2d12bb9794690b14b5aa2b2') in 0.016348 seconds 
  Import took 0.024801 seconds .

========================================================================
Received Import Request.
  Time since last request: 0.000569 seconds.
  path: Assets/Resource/TileMap
  artifactKey: Guid(e9f863c436315024c8260cb9b25b1f97) Importer(815301076,1909f56bfc062723c751e8b465ee728b)
Start importing Assets/Resource/TileMap using Guid(e9f863c436315024c8260cb9b25b1f97) Importer(815301076,1909f56bfc062723c751e8b465ee728b)  -> (artifact id: '42761034994f2ab2003f1e6b68b7c25c') in 0.003880 seconds 
  Import took 0.009849 seconds .

========================================================================
Received Import Request.
  Time since last request: 0.000304 seconds.
  path: Assets/Resource/TileMap/Road.prefab
  artifactKey: Guid(570ac9b28de861b47bcb51f07365fa08) Importer(815301076,1909f56bfc062723c751e8b465ee728b)
Start importing Assets/Resource/TileMap/Road.prefab using Guid(570ac9b28de861b47bcb51f07365fa08) Importer(815301076,1909f56bfc062723c751e8b465ee728b)  -> (artifact id: '7b50757de4cee598727ece0d831d2963') in 0.154317 seconds 
  Import took 0.161462 seconds .

========================================================================
Received Import Request.
  Time since last request: 0.000338 seconds.
  path: Assets/Resource/TileMap/sidewalk.asset
  artifactKey: Guid(6e0e1171b31860e47acae7b9827bc435) Importer(815301076,1909f56bfc062723c751e8b465ee728b)
Start importing Assets/Resource/TileMap/sidewalk.asset using Guid(6e0e1171b31860e47acae7b9827bc435) Importer(815301076,1909f56bfc062723c751e8b465ee728b)  -> (artifact id: '0f8dd2dbcf06768defa54a0ce66e9ea5') in 0.017684 seconds 
  Import took 0.024333 seconds .

========================================================================
Received Import Request.
  Time since last request: 0.000321 seconds.
  path: Assets/Resource/TileMap/curb.specular.asset
  artifactKey: Guid(7fc52a6797dd85d428717696ef20e4fd) Importer(815301076,1909f56bfc062723c751e8b465ee728b)
Start importing Assets/Resource/TileMap/curb.specular.asset using Guid(7fc52a6797dd85d428717696ef20e4fd) Importer(815301076,1909f56bfc062723c751e8b465ee728b)  -> (artifact id: '12f3e5892e2abd45e75a9a12aea1d592') in 0.014781 seconds 
  Import took 0.023425 seconds .

========================================================================
Received Import Request.
  Time since last request: 0.000293 seconds.
  path: Assets/Resource/TileMap/street.straight.solidLine.asset
  artifactKey: Guid(20778bca4f92ce642902606f75a15dc0) Importer(815301076,1909f56bfc062723c751e8b465ee728b)
Start importing Assets/Resource/TileMap/street.straight.solidLine.asset using Guid(20778bca4f92ce642902606f75a15dc0) Importer(815301076,1909f56bfc062723c751e8b465ee728b)  -> (artifact id: '6f3eef2c660e945ba3cf909ce4293a1b') in 0.018305 seconds 
  Import took 0.024518 seconds .

========================================================================
Received Import Request.
  Time since last request: 0.000421 seconds.
  path: Assets/Resource/TileMap/street.junction.crosswalk.asset
  artifactKey: Guid(63b755a81c75d7840b502e3209c57743) Importer(815301076,1909f56bfc062723c751e8b465ee728b)
Start importing Assets/Resource/TileMap/street.junction.crosswalk.asset using Guid(63b755a81c75d7840b502e3209c57743) Importer(815301076,1909f56bfc062723c751e8b465ee728b)  -> (artifact id: '7bbbc890d98a884fd84548e537c6ea01') in 0.014465 seconds 
  Import took 0.020848 seconds .

========================================================================
Received Import Request.
  Time since last request: 0.000367 seconds.
  path: Assets/Resource/TileMap/curb.asset
  artifactKey: Guid(5e06e186154b9da4a99a0f58fee827ee) Importer(815301076,1909f56bfc062723c751e8b465ee728b)
Start importing Assets/Resource/TileMap/curb.asset using Guid(5e06e186154b9da4a99a0f58fee827ee) Importer(815301076,1909f56bfc062723c751e8b465ee728b)  -> (artifact id: '2c8a3901676c1155dd8d2419d04b8808') in 0.016678 seconds 
  Import took 0.022442 seconds .

========================================================================
Received Import Request.
  Time since last request: 0.000349 seconds.
  path: Assets/Resource/TileMap/street.straight.crosswalk.asset
  artifactKey: Guid(2f24db99d6822bd4d931d36d166c4801) Importer(815301076,1909f56bfc062723c751e8b465ee728b)
Start importing Assets/Resource/TileMap/street.straight.crosswalk.asset using Guid(2f24db99d6822bd4d931d36d166c4801) Importer(815301076,1909f56bfc062723c751e8b465ee728b)  -> (artifact id: 'a735ad8f8af9746882ad96eb0fdb6105') in 0.023022 seconds 
  Import took 0.029357 seconds .

========================================================================
Received Import Request.
  Time since last request: 0.000263 seconds.
  path: Assets/Resource/TileMap/street.curve.solidLine.asset
  artifactKey: Guid(fb4b9f05cd1dd8f47a7c1fa77247f44f) Importer(815301076,1909f56bfc062723c751e8b465ee728b)
Start importing Assets/Resource/TileMap/street.curve.solidLine.asset using Guid(fb4b9f05cd1dd8f47a7c1fa77247f44f) Importer(815301076,1909f56bfc062723c751e8b465ee728b)  -> (artifact id: '48c672b625dbffb3b2120e7804b13dcd') in 0.013909 seconds 
  Import took 0.019241 seconds .

========================================================================
Received Import Request.
  Time since last request: 0.000331 seconds.
  path: Assets/Resource/TileMap/street.curve.crosswalk.asset
  artifactKey: Guid(f6d8f7080d3acec4d8e1d96568febf9b) Importer(815301076,1909f56bfc062723c751e8b465ee728b)
Start importing Assets/Resource/TileMap/street.curve.crosswalk.asset using Guid(f6d8f7080d3acec4d8e1d96568febf9b) Importer(815301076,1909f56bfc062723c751e8b465ee728b)  -> (artifact id: 'f894d84726d061f95b1d3e0c939ed95b') in 0.022956 seconds 
  Import took 0.029688 seconds .

========================================================================
Received Import Request.
  Time since last request: 0.000350 seconds.
  path: Assets/Resource/TileMap/street.end.dashLines.asset
  artifactKey: Guid(860f007f7e9e3bf47b33bb29a87cff4d) Importer(815301076,1909f56bfc062723c751e8b465ee728b)
Start importing Assets/Resource/TileMap/street.end.dashLines.asset using Guid(860f007f7e9e3bf47b33bb29a87cff4d) Importer(815301076,1909f56bfc062723c751e8b465ee728b)  -> (artifact id: '3e4efd5c9c6f7d0a95100b3b13747724') in 0.016005 seconds 
  Import took 0.020975 seconds .

========================================================================
Received Import Request.
  Time since last request: 0.000291 seconds.
  path: Assets/Resource/TileMap/street.normal.asset
  artifactKey: Guid(adc493abd3677e846a6dc02b807d01b7) Importer(815301076,1909f56bfc062723c751e8b465ee728b)
Start importing Assets/Resource/TileMap/street.normal.asset using Guid(adc493abd3677e846a6dc02b807d01b7) Importer(815301076,1909f56bfc062723c751e8b465ee728b)  -> (artifact id: '344e464e3cc9e2df78cc870232ce7374') in 0.023733 seconds 
  Import took 0.029370 seconds .

========================================================================
Received Import Request.
  Time since last request: 0.000274 seconds.
  path: Assets/Resource/TileMap/street.intersection.solidLine.asset
  artifactKey: Guid(e6ad0f0fc55eb6a4b9af5c399b52db13) Importer(815301076,1909f56bfc062723c751e8b465ee728b)
Start importing Assets/Resource/TileMap/street.intersection.solidLine.asset using Guid(e6ad0f0fc55eb6a4b9af5c399b52db13) Importer(815301076,1909f56bfc062723c751e8b465ee728b)  -> (artifact id: 'c91ca5a74b7d07f394b49fee10d95751') in 0.015975 seconds 
  Import took 0.021252 seconds .

========================================================================
Received Import Request.
  Time since last request: 0.000263 seconds.
  path: Assets/Resource/TileMap/street.junction.dashLines.asset
  artifactKey: Guid(9ad761ee72efd344aac4337dcaab12a8) Importer(815301076,1909f56bfc062723c751e8b465ee728b)
Start importing Assets/Resource/TileMap/street.junction.dashLines.asset using Guid(9ad761ee72efd344aac4337dcaab12a8) Importer(815301076,1909f56bfc062723c751e8b465ee728b)  -> (artifact id: 'ffec6b97e3c6b9171df7bb5900af3b83') in 0.015100 seconds 
  Import took 0.021929 seconds .

========================================================================
Received Import Request.
  Time since last request: 0.000343 seconds.
  path: Assets/Resource/TileMap/street.curve.dashLines.asset
  artifactKey: Guid(1b0aac2cb1e353c4ea68f68725b004d1) Importer(815301076,1909f56bfc062723c751e8b465ee728b)
Start importing Assets/Resource/TileMap/street.curve.dashLines.asset using Guid(1b0aac2cb1e353c4ea68f68725b004d1) Importer(815301076,1909f56bfc062723c751e8b465ee728b)  -> (artifact id: 'fb488fce82152f7fabdef69f83621e54') in 0.015411 seconds 
  Import took 0.022075 seconds .

========================================================================
Received Import Request.
  Time since last request: 0.000414 seconds.
  path: Assets/Resource/TileMap/street.intersection.crosswalk.asset
  artifactKey: Guid(4db33e34ab923974d942af5f0cde9a49) Importer(815301076,1909f56bfc062723c751e8b465ee728b)
Start importing Assets/Resource/TileMap/street.intersection.crosswalk.asset using Guid(4db33e34ab923974d942af5f0cde9a49) Importer(815301076,1909f56bfc062723c751e8b465ee728b)  -> (artifact id: 'ee2e65b58501978cb01fb1a8f43d1629') in 0.013546 seconds 
  Import took 0.019924 seconds .

========================================================================
Received Import Request.
  Time since last request: 0.000467 seconds.
  path: Assets/Resource/TileMap/curb.normal.asset
  artifactKey: Guid(0a325d669fca1e14abff5e8584447ee2) Importer(815301076,1909f56bfc062723c751e8b465ee728b)
Start importing Assets/Resource/TileMap/curb.normal.asset using Guid(0a325d669fca1e14abff5e8584447ee2) Importer(815301076,1909f56bfc062723c751e8b465ee728b)  -> (artifact id: '6b0a47e40b0f941f7d9ccc1df2092ba8') in 0.018215 seconds 
  Import took 0.026290 seconds .

========================================================================
Received Import Request.
  Time since last request: 0.000287 seconds.
  path: Assets/Resource/TileMap/sidewalk.normal.asset
  artifactKey: Guid(faf49feb5d06c77479a4bdd8460af388) Importer(815301076,1909f56bfc062723c751e8b465ee728b)
Start importing Assets/Resource/TileMap/sidewalk.normal.asset using Guid(faf49feb5d06c77479a4bdd8460af388) Importer(815301076,1909f56bfc062723c751e8b465ee728b)  -> (artifact id: 'b85f69aa4d018ac08786a98d984212eb') in 0.014871 seconds 
  Import took 0.022664 seconds .

========================================================================
Received Import Request.
  Time since last request: 0.000299 seconds.
  path: Assets/Resource/TileMap/street.junction.solidLine.asset
  artifactKey: Guid(ec51bfd72ea2a1f4ab0b776b385200a5) Importer(815301076,1909f56bfc062723c751e8b465ee728b)
Start importing Assets/Resource/TileMap/street.junction.solidLine.asset using Guid(ec51bfd72ea2a1f4ab0b776b385200a5) Importer(815301076,1909f56bfc062723c751e8b465ee728b)  -> (artifact id: 'd65b83ac23c445b2cb2b01ec05a62ea4') in 0.013482 seconds 
  Import took 0.023662 seconds .

========================================================================
Received Import Request.
  Time since last request: 0.000338 seconds.
  path: Assets/Resource/TileMap/sidewalk.specular.asset
  artifactKey: Guid(8a67e3683866da447967b3a58d711696) Importer(815301076,1909f56bfc062723c751e8b465ee728b)
Start importing Assets/Resource/TileMap/sidewalk.specular.asset using Guid(8a67e3683866da447967b3a58d711696) Importer(815301076,1909f56bfc062723c751e8b465ee728b)  -> (artifact id: '8fcb23fd550f8e74a328c5a401811f41') in 0.014486 seconds 
  Import took 0.021473 seconds .

========================================================================
Received Import Request.
  Time since last request: 0.000298 seconds.
  path: Assets/Resource/TileMap/street.specular.asset
  artifactKey: Guid(6232378a49d1b634d953551a34bf1c5c) Importer(815301076,1909f56bfc062723c751e8b465ee728b)
Start importing Assets/Resource/TileMap/street.specular.asset using Guid(6232378a49d1b634d953551a34bf1c5c) Importer(815301076,1909f56bfc062723c751e8b465ee728b)  -> (artifact id: 'b6ca9e6e5d5f05cd90f3f90d67cd7e75') in 0.015710 seconds 
  Import took 0.022052 seconds .

========================================================================
Received Import Request.
  Time since last request: 0.000360 seconds.
  path: Assets/Resource/TileMap/street.end.crosswalk.asset
  artifactKey: Guid(4a7a5c4f383dbd046af72909a4ba4ec9) Importer(815301076,1909f56bfc062723c751e8b465ee728b)
Start importing Assets/Resource/TileMap/street.end.crosswalk.asset using Guid(4a7a5c4f383dbd046af72909a4ba4ec9) Importer(815301076,1909f56bfc062723c751e8b465ee728b)  -> (artifact id: '413069c6515cdfc7c7c33d2eb88d22b3') in 0.021177 seconds 
  Import took 0.026821 seconds .

========================================================================
Received Import Request.
  Time since last request: 13.804584 seconds.
  path: Assets/Resource/Grid.prefab
  artifactKey: Guid(97efaf124ff8eb9458962c9721e8cd21) Importer(815301076,1909f56bfc062723c751e8b465ee728b)
Start importing Assets/Resource/Grid.prefab using Guid(97efaf124ff8eb9458962c9721e8cd21) Importer(815301076,1909f56bfc062723c751e8b465ee728b)  -> (artifact id: '7585f0336c8236d3d6d34cab50084d36') in 0.027081 seconds 
  Import took 0.032192 seconds .

AssetImportWorkerClient::OnTransportError - code=2 error=End of file
